<?xml version="1.0" encoding="UTF-8"?>
<testsuite name="com.book.springboot.web.ProfileControllerTest" tests="1" skipped="0" failures="0" errors="0" timestamp="2021-08-10T06:36:30" hostname="DIGITALZONE00" time="0.033">
  <properties/>
  <testcase name="profile은_인증없이_호출된다()" classname="com.book.springboot.web.ProfileControllerTest" time="0.033"/>
  <system-out><![CDATA[2021-08-10 15:36:30.759  INFO 5144 --- [    Test worker] .b.t.c.SpringBootTestContextBootstrapper : Neither @ContextConfiguration nor @ContextHierarchy found for test class [com.book.springboot.web.ProfileControllerTest], using SpringBootContextLoader
2021-08-10 15:36:30.762  INFO 5144 --- [    Test worker] o.s.t.c.support.AbstractContextLoader    : Could not detect default resource locations for test class [com.book.springboot.web.ProfileControllerTest]: no resource found for suffixes {-context.xml, Context.groovy}.
2021-08-10 15:36:30.762  INFO 5144 --- [    Test worker] t.c.s.AnnotationConfigContextLoaderUtils : Could not detect default configuration classes for test class [com.book.springboot.web.ProfileControllerTest]: ProfileControllerTest does not declare any static, non-private, non-final, nested classes annotated with @Configuration.
2021-08-10 15:36:30.765  INFO 5144 --- [    Test worker] .b.t.c.SpringBootTestContextBootstrapper : Found @SpringBootConfiguration com.book.springboot.Application for test class com.book.springboot.web.ProfileControllerTest
2021-08-10 15:36:30.768  INFO 5144 --- [    Test worker] .b.t.c.SpringBootTestContextBootstrapper : Loaded default TestExecutionListener class names from location [META-INF/spring.factories]: [org.springframework.security.test.context.support.WithSecurityContextTestExecutionListener, org.springframework.security.test.context.support.ReactorContextTestExecutionListener, org.springframework.boot.test.autoconfigure.restdocs.RestDocsTestExecutionListener, org.springframework.boot.test.autoconfigure.web.client.MockRestServiceServerResetTestExecutionListener, org.springframework.boot.test.autoconfigure.web.servlet.MockMvcPrintOnlyOnFailureTestExecutionListener, org.springframework.boot.test.autoconfigure.web.servlet.WebDriverTestExecutionListener, org.springframework.boot.test.autoconfigure.webservices.client.MockWebServiceServerTestExecutionListener, org.springframework.boot.test.mock.mockito.MockitoTestExecutionListener, org.springframework.boot.test.mock.mockito.ResetMocksTestExecutionListener, org.springframework.test.context.web.ServletTestExecutionListener, org.springframework.test.context.support.DirtiesContextBeforeModesTestExecutionListener, org.springframework.test.context.support.DependencyInjectionTestExecutionListener, org.springframework.test.context.support.DirtiesContextTestExecutionListener, org.springframework.test.context.transaction.TransactionalTestExecutionListener, org.springframework.test.context.jdbc.SqlScriptsTestExecutionListener, org.springframework.test.context.event.EventPublishingTestExecutionListener]
2021-08-10 15:36:30.770  INFO 5144 --- [    Test worker] .b.t.c.SpringBootTestContextBootstrapper : Using TestExecutionListeners: [org.springframework.test.context.web.ServletTestExecutionListener@7b3947a7, org.springframework.test.context.support.DirtiesContextBeforeModesTestExecutionListener@2bc1f4e0, org.springframework.boot.test.mock.mockito.MockitoTestExecutionListener@19375048, org.springframework.boot.test.autoconfigure.SpringBootDependencyInjectionTestExecutionListener@713716e6, org.springframework.test.context.support.DirtiesContextTestExecutionListener@40826318, org.springframework.test.context.transaction.TransactionalTestExecutionListener@6440e91c, org.springframework.test.context.jdbc.SqlScriptsTestExecutionListener@47d640cc, org.springframework.security.test.context.support.WithSecurityContextTestExecutionListener@e9feef6, org.springframework.test.context.event.EventPublishingTestExecutionListener@5dd6c69e, org.springframework.security.test.context.support.ReactorContextTestExecutionListener@3ebdcc31, org.springframework.boot.test.autoconfigure.restdocs.RestDocsTestExecutionListener@4b983b0a, org.springframework.boot.test.autoconfigure.web.client.MockRestServiceServerResetTestExecutionListener@3a0194d1, org.springframework.boot.test.autoconfigure.web.servlet.MockMvcPrintOnlyOnFailureTestExecutionListener@51085739, org.springframework.boot.test.autoconfigure.web.servlet.WebDriverTestExecutionListener@104c56d, org.springframework.boot.test.autoconfigure.webservices.client.MockWebServiceServerTestExecutionListener@b4efe2c, org.springframework.boot.test.mock.mockito.ResetMocksTestExecutionListener@3d5f5488]
]]></system-out>
  <system-err><![CDATA[]]></system-err>
</testsuite>
