<?xml version="1.0" encoding="UTF-8"?>
<testsuite name="com.book.springboot.web.HelloControllerTest" tests="2" skipped="0" failures="0" errors="0" timestamp="2021-08-09T05:30:40" hostname="digitalzone00" time="0.624">
  <properties/>
  <testcase name="hello가_리턴된다" classname="com.book.springboot.web.HelloControllerTest" time="0.262"/>
  <testcase name="helloDto가_리턴된다" classname="com.book.springboot.web.HelloControllerTest" time="0.361"/>
  <system-out><![CDATA[2021-08-09 14:30:33.857  INFO 8108 --- [    Test worker] .b.t.a.w.s.WebMvcTestContextBootstrapper : Neither @ContextConfiguration nor @ContextHierarchy found for test class [com.book.springboot.web.HelloControllerTest], using SpringBootContextLoader
2021-08-09 14:30:33.859  INFO 8108 --- [    Test worker] o.s.t.c.support.AbstractContextLoader    : Could not detect default resource locations for test class [com.book.springboot.web.HelloControllerTest]: no resource found for suffixes {-context.xml, Context.groovy}.
2021-08-09 14:30:33.860  INFO 8108 --- [    Test worker] t.c.s.AnnotationConfigContextLoaderUtils : Could not detect default configuration classes for test class [com.book.springboot.web.HelloControllerTest]: HelloControllerTest does not declare any static, non-private, non-final, nested classes annotated with @Configuration.
2021-08-09 14:30:33.968  INFO 8108 --- [    Test worker] .b.t.c.SpringBootTestContextBootstrapper : Found @SpringBootConfiguration com.book.springboot.Application for test class com.book.springboot.web.HelloControllerTest
2021-08-09 14:30:33.997  INFO 8108 --- [    Test worker] .b.t.a.w.s.WebMvcTestContextBootstrapper : Loaded default TestExecutionListener class names from location [META-INF/spring.factories]: [org.springframework.security.test.context.support.WithSecurityContextTestExecutionListener, org.springframework.security.test.context.support.ReactorContextTestExecutionListener, org.springframework.boot.test.autoconfigure.restdocs.RestDocsTestExecutionListener, org.springframework.boot.test.autoconfigure.web.client.MockRestServiceServerResetTestExecutionListener, org.springframework.boot.test.autoconfigure.web.servlet.MockMvcPrintOnlyOnFailureTestExecutionListener, org.springframework.boot.test.autoconfigure.web.servlet.WebDriverTestExecutionListener, org.springframework.boot.test.mock.mockito.MockitoTestExecutionListener, org.springframework.boot.test.mock.mockito.ResetMocksTestExecutionListener, org.springframework.test.context.web.ServletTestExecutionListener, org.springframework.test.context.support.DirtiesContextBeforeModesTestExecutionListener, org.springframework.test.context.support.DependencyInjectionTestExecutionListener, org.springframework.test.context.support.DirtiesContextTestExecutionListener, org.springframework.test.context.transaction.TransactionalTestExecutionListener, org.springframework.test.context.jdbc.SqlScriptsTestExecutionListener]
2021-08-09 14:30:34.006  INFO 8108 --- [    Test worker] .b.t.a.w.s.WebMvcTestContextBootstrapper : Using TestExecutionListeners: [org.springframework.test.context.web.ServletTestExecutionListener@5c8c57d4, org.springframework.test.context.support.DirtiesContextBeforeModesTestExecutionListener@7fc263cb, org.springframework.boot.test.mock.mockito.MockitoTestExecutionListener@522a8d37, org.springframework.boot.test.autoconfigure.SpringBootDependencyInjectionTestExecutionListener@3899eaf0, org.springframework.test.context.support.DirtiesContextTestExecutionListener@69528c0, org.springframework.test.context.transaction.TransactionalTestExecutionListener@6a25cfe2, org.springframework.test.context.jdbc.SqlScriptsTestExecutionListener@6c60b4a4, org.springframework.security.test.context.support.WithSecurityContextTestExecutionListener@1b591db2, org.springframework.security.test.context.support.ReactorContextTestExecutionListener@3425f531, org.springframework.boot.test.autoconfigure.restdocs.RestDocsTestExecutionListener@703b7688, org.springframework.boot.test.autoconfigure.web.client.MockRestServiceServerResetTestExecutionListener@199729bf, org.springframework.boot.test.autoconfigure.web.servlet.MockMvcPrintOnlyOnFailureTestExecutionListener@4a7013b2, org.springframework.boot.test.autoconfigure.web.servlet.WebDriverTestExecutionListener@51e7ebb0, org.springframework.boot.test.mock.mockito.ResetMocksTestExecutionListener@7ac35832]

  .   ____          _            __ _ _
 /\\ / ___'_ __ _ _(_)_ __  __ _ \ \ \ \
( ( )\___ | '_ | '_| | '_ \/ _` | \ \ \ \
 \\/  ___)| |_)| | | | | || (_| |  ) ) ) )
  '  |____| .__|_| |_|_| |_\__, | / / / /
 =========|_|==============|___/=/_/_/_/
 :: Spring Boot ::        (v2.1.9.RELEASE)

2021-08-09 14:30:34.118  INFO 8108 --- [    Test worker] c.b.springboot.web.HelloControllerTest   : Starting HelloControllerTest on digitalzone00 with PID 8108 (started by digitalzone00 in C:\Users\digihanmin\IdeaProjects\springBoot_20210719)
2021-08-09 14:30:34.122  INFO 8108 --- [    Test worker] c.b.springboot.web.HelloControllerTest   : No active profile set, falling back to default profiles: default
2021-08-09 14:30:37.527  INFO 8108 --- [    Test worker] o.s.s.concurrent.ThreadPoolTaskExecutor  : Initializing ExecutorService 'applicationTaskExecutor'
2021-08-09 14:30:37.733  INFO 8108 --- [    Test worker] o.s.b.a.w.s.WelcomePageHandlerMapping    : Adding welcome page template: index
2021-08-09 14:30:39.324  INFO 8108 --- [    Test worker] .s.s.UserDetailsServiceAutoConfiguration : 

Using generated security password: 470f887b-2595-40e3-a552-4654ddf56bfd

2021-08-09 14:30:40.304  INFO 8108 --- [    Test worker] o.s.s.web.DefaultSecurityFilterChain     : Creating filter chain: any request, [org.springframework.security.web.context.request.async.WebAsyncManagerIntegrationFilter@15fb7b1a, org.springframework.security.web.context.SecurityContextPersistenceFilter@6a7fac2c, org.springframework.security.web.header.HeaderWriterFilter@6a8a2c85, org.springframework.security.web.csrf.CsrfFilter@175fdcf4, org.springframework.security.web.authentication.logout.LogoutFilter@2d9d29db, org.springframework.security.web.authentication.UsernamePasswordAuthenticationFilter@56ef9131, org.springframework.security.web.authentication.ui.DefaultLoginPageGeneratingFilter@2ec8f44c, org.springframework.security.web.authentication.ui.DefaultLogoutPageGeneratingFilter@3ca19583, org.springframework.security.web.authentication.www.BasicAuthenticationFilter@5586b7f8, org.springframework.security.web.savedrequest.RequestCacheAwareFilter@49b06dee, org.springframework.security.web.servletapi.SecurityContextHolderAwareRequestFilter@72659e59, org.springframework.security.web.authentication.AnonymousAuthenticationFilter@5cf8cc98, org.springframework.security.web.session.SessionManagementFilter@35be55c, org.springframework.security.web.access.ExceptionTranslationFilter@4d2dc82d, org.springframework.security.web.access.intercept.FilterSecurityInterceptor@6456c459]
2021-08-09 14:30:40.477  INFO 8108 --- [    Test worker] o.s.b.t.m.w.SpringBootMockServletContext : Initializing Spring TestDispatcherServlet ''
2021-08-09 14:30:40.477  INFO 8108 --- [    Test worker] o.s.t.web.servlet.TestDispatcherServlet  : Initializing Servlet ''
2021-08-09 14:30:40.536  INFO 8108 --- [    Test worker] o.s.t.web.servlet.TestDispatcherServlet  : Completed initialization in 57 ms
2021-08-09 14:30:40.626  INFO 8108 --- [    Test worker] c.b.springboot.web.HelloControllerTest   : Started HelloControllerTest in 6.616 seconds (JVM running for 26.014)
]]></system-out>
  <system-err><![CDATA[]]></system-err>
</testsuite>
