<?xml version="1.0" encoding="UTF-8"?>
<testsuite name="com.book.springboot.web.ProfileControllerTest" tests="1" skipped="0" failures="0" errors="0" timestamp="2021-08-09T05:30:46" hostname="digitalzone00" time="0.021">
  <properties/>
  <testcase name="profile은_인증없이_호출된다" classname="com.book.springboot.web.ProfileControllerTest" time="0.021"/>
  <system-out><![CDATA[2021-08-09 14:30:46.456  INFO 8108 --- [    Test worker] .b.t.c.SpringBootTestContextBootstrapper : Neither @ContextConfiguration nor @ContextHierarchy found for test class [com.book.springboot.web.ProfileControllerTest], using SpringBootContextLoader
2021-08-09 14:30:46.457  INFO 8108 --- [    Test worker] o.s.t.c.support.AbstractContextLoader    : Could not detect default resource locations for test class [com.book.springboot.web.ProfileControllerTest]: no resource found for suffixes {-context.xml, Context.groovy}.
2021-08-09 14:30:46.458  INFO 8108 --- [    Test worker] t.c.s.AnnotationConfigContextLoaderUtils : Could not detect default configuration classes for test class [com.book.springboot.web.ProfileControllerTest]: ProfileControllerTest does not declare any static, non-private, non-final, nested classes annotated with @Configuration.
2021-08-09 14:30:46.462  INFO 8108 --- [    Test worker] .b.t.c.SpringBootTestContextBootstrapper : Found @SpringBootConfiguration com.book.springboot.Application for test class com.book.springboot.web.ProfileControllerTest
2021-08-09 14:30:46.463  INFO 8108 --- [    Test worker] .b.t.c.SpringBootTestContextBootstrapper : Loaded default TestExecutionListener class names from location [META-INF/spring.factories]: [org.springframework.security.test.context.support.WithSecurityContextTestExecutionListener, org.springframework.security.test.context.support.ReactorContextTestExecutionListener, org.springframework.boot.test.autoconfigure.restdocs.RestDocsTestExecutionListener, org.springframework.boot.test.autoconfigure.web.client.MockRestServiceServerResetTestExecutionListener, org.springframework.boot.test.autoconfigure.web.servlet.MockMvcPrintOnlyOnFailureTestExecutionListener, org.springframework.boot.test.autoconfigure.web.servlet.WebDriverTestExecutionListener, org.springframework.boot.test.mock.mockito.MockitoTestExecutionListener, org.springframework.boot.test.mock.mockito.ResetMocksTestExecutionListener, org.springframework.test.context.web.ServletTestExecutionListener, org.springframework.test.context.support.DirtiesContextBeforeModesTestExecutionListener, org.springframework.test.context.support.DependencyInjectionTestExecutionListener, org.springframework.test.context.support.DirtiesContextTestExecutionListener, org.springframework.test.context.transaction.TransactionalTestExecutionListener, org.springframework.test.context.jdbc.SqlScriptsTestExecutionListener]
2021-08-09 14:30:46.465  INFO 8108 --- [    Test worker] .b.t.c.SpringBootTestContextBootstrapper : Using TestExecutionListeners: [org.springframework.test.context.web.ServletTestExecutionListener@549e1bc4, org.springframework.test.context.support.DirtiesContextBeforeModesTestExecutionListener@5afb233b, org.springframework.boot.test.mock.mockito.MockitoTestExecutionListener@141ae0ae, org.springframework.boot.test.autoconfigure.SpringBootDependencyInjectionTestExecutionListener@3a52d5ed, org.springframework.test.context.support.DirtiesContextTestExecutionListener@1e36b958, org.springframework.test.context.transaction.TransactionalTestExecutionListener@1dd7b35e, org.springframework.test.context.jdbc.SqlScriptsTestExecutionListener@5e0b2fda, org.springframework.security.test.context.support.WithSecurityContextTestExecutionListener@72da644b, org.springframework.security.test.context.support.ReactorContextTestExecutionListener@590def31, org.springframework.boot.test.autoconfigure.restdocs.RestDocsTestExecutionListener@7960ea0d, org.springframework.boot.test.autoconfigure.web.client.MockRestServiceServerResetTestExecutionListener@7e126f04, org.springframework.boot.test.autoconfigure.web.servlet.MockMvcPrintOnlyOnFailureTestExecutionListener@5f4ba4b1, org.springframework.boot.test.autoconfigure.web.servlet.WebDriverTestExecutionListener@6909ac0e, org.springframework.boot.test.mock.mockito.ResetMocksTestExecutionListener@174703a0]
]]></system-out>
  <system-err><![CDATA[]]></system-err>
</testsuite>
