<?xml version="1.0" encoding="UTF-8"?>
<testsuite name="com.book.springboot.web.HelloControllerTest" tests="2" skipped="0" failures="0" errors="0" timestamp="2021-08-10T06:36:23" hostname="DIGITALZONE00" time="0.422">
  <properties/>
  <testcase name="hello가_리턴된다()" classname="com.book.springboot.web.HelloControllerTest" time="0.191"/>
  <testcase name="helloDto가_리턴된다()" classname="com.book.springboot.web.HelloControllerTest" time="0.229"/>
  <system-out><![CDATA[2021-08-10 15:36:20.928  INFO 5144 --- [    Test worker] .b.t.a.w.s.WebMvcTestContextBootstrapper : Neither @ContextConfiguration nor @ContextHierarchy found for test class [com.book.springboot.web.HelloControllerTest], using SpringBootContextLoader
2021-08-10 15:36:20.932  INFO 5144 --- [    Test worker] o.s.t.c.support.AbstractContextLoader    : Could not detect default resource locations for test class [com.book.springboot.web.HelloControllerTest]: no resource found for suffixes {-context.xml, Context.groovy}.
2021-08-10 15:36:20.934  INFO 5144 --- [    Test worker] t.c.s.AnnotationConfigContextLoaderUtils : Could not detect default configuration classes for test class [com.book.springboot.web.HelloControllerTest]: HelloControllerTest does not declare any static, non-private, non-final, nested classes annotated with @Configuration.
2021-08-10 15:36:20.998  INFO 5144 --- [    Test worker] .b.t.c.SpringBootTestContextBootstrapper : Found @SpringBootConfiguration com.book.springboot.Application for test class com.book.springboot.web.HelloControllerTest
2021-08-10 15:36:21.000  INFO 5144 --- [    Test worker] .b.t.a.w.s.WebMvcTestContextBootstrapper : Loaded default TestExecutionListener class names from location [META-INF/spring.factories]: [org.springframework.security.test.context.support.WithSecurityContextTestExecutionListener, org.springframework.security.test.context.support.ReactorContextTestExecutionListener, org.springframework.boot.test.autoconfigure.restdocs.RestDocsTestExecutionListener, org.springframework.boot.test.autoconfigure.web.client.MockRestServiceServerResetTestExecutionListener, org.springframework.boot.test.autoconfigure.web.servlet.MockMvcPrintOnlyOnFailureTestExecutionListener, org.springframework.boot.test.autoconfigure.web.servlet.WebDriverTestExecutionListener, org.springframework.boot.test.autoconfigure.webservices.client.MockWebServiceServerTestExecutionListener, org.springframework.boot.test.mock.mockito.MockitoTestExecutionListener, org.springframework.boot.test.mock.mockito.ResetMocksTestExecutionListener, org.springframework.test.context.web.ServletTestExecutionListener, org.springframework.test.context.support.DirtiesContextBeforeModesTestExecutionListener, org.springframework.test.context.support.DependencyInjectionTestExecutionListener, org.springframework.test.context.support.DirtiesContextTestExecutionListener, org.springframework.test.context.transaction.TransactionalTestExecutionListener, org.springframework.test.context.jdbc.SqlScriptsTestExecutionListener, org.springframework.test.context.event.EventPublishingTestExecutionListener]
2021-08-10 15:36:21.002  INFO 5144 --- [    Test worker] .b.t.a.w.s.WebMvcTestContextBootstrapper : Using TestExecutionListeners: [org.springframework.test.context.web.ServletTestExecutionListener@16ee214a, org.springframework.test.context.support.DirtiesContextBeforeModesTestExecutionListener@5d8c0027, org.springframework.boot.test.mock.mockito.MockitoTestExecutionListener@4c4f5b5c, org.springframework.boot.test.autoconfigure.SpringBootDependencyInjectionTestExecutionListener@4d172386, org.springframework.test.context.support.DirtiesContextTestExecutionListener@2a14af1f, org.springframework.test.context.transaction.TransactionalTestExecutionListener@17241f42, org.springframework.test.context.jdbc.SqlScriptsTestExecutionListener@21872341, org.springframework.security.test.context.support.WithSecurityContextTestExecutionListener@55f82fe4, org.springframework.test.context.event.EventPublishingTestExecutionListener@5a1b0e13, org.springframework.security.test.context.support.ReactorContextTestExecutionListener@6d72d41d, org.springframework.boot.test.autoconfigure.restdocs.RestDocsTestExecutionListener@75777fd9, org.springframework.boot.test.autoconfigure.web.client.MockRestServiceServerResetTestExecutionListener@61e4f99c, org.springframework.boot.test.autoconfigure.web.servlet.MockMvcPrintOnlyOnFailureTestExecutionListener@630d0825, org.springframework.boot.test.autoconfigure.web.servlet.WebDriverTestExecutionListener@18a4fa65, org.springframework.boot.test.autoconfigure.webservices.client.MockWebServiceServerTestExecutionListener@56e3d71f, org.springframework.boot.test.mock.mockito.ResetMocksTestExecutionListener@108dec46]

  .   ____          _            __ _ _
 /\\ / ___'_ __ _ _(_)_ __  __ _ \ \ \ \
( ( )\___ | '_ | '_| | '_ \/ _` | \ \ \ \
 \\/  ___)| |_)| | | | | || (_| |  ) ) ) )
  '  |____| .__|_| |_|_| |_\__, | / / / /
 =========|_|==============|___/=/_/_/_/
 :: Spring Boot ::                (v2.4.1)

2021-08-10 15:36:21.107  INFO 5144 --- [    Test worker] c.b.springboot.web.HelloControllerTest   : Starting HelloControllerTest using Java 1.8.0_292 on digitalzone00 with PID 5144 (started by digitalzone00 in C:\Users\digihanmin\IdeaProjects\springBoot_20210719)
2021-08-10 15:36:21.117  INFO 5144 --- [    Test worker] c.b.springboot.web.HelloControllerTest   : No active profile set, falling back to default profiles: default
2021-08-10 15:36:22.544  INFO 5144 --- [    Test worker] o.s.s.concurrent.ThreadPoolTaskExecutor  : Initializing ExecutorService 'applicationTaskExecutor'
2021-08-10 15:36:22.650  INFO 5144 --- [    Test worker] o.s.b.a.w.s.WelcomePageHandlerMapping    : Adding welcome page template: index
2021-08-10 15:36:23.498  INFO 5144 --- [    Test worker] o.s.s.web.DefaultSecurityFilterChain     : Will secure any request with [org.springframework.security.web.context.request.async.WebAsyncManagerIntegrationFilter@403c66b8, org.springframework.security.web.context.SecurityContextPersistenceFilter@726dbca6, org.springframework.security.web.header.HeaderWriterFilter@1ccdbd9a, org.springframework.security.web.csrf.CsrfFilter@4a7c20be, org.springframework.security.web.authentication.logout.LogoutFilter@10225c93, org.springframework.security.oauth2.client.web.OAuth2AuthorizationRequestRedirectFilter@15c01d99, org.springframework.security.oauth2.client.web.OAuth2AuthorizationRequestRedirectFilter@2403fbee, org.springframework.security.oauth2.client.web.OAuth2LoginAuthenticationFilter@38362e09, org.springframework.security.web.authentication.ui.DefaultLoginPageGeneratingFilter@53eb1457, org.springframework.security.web.authentication.ui.DefaultLogoutPageGeneratingFilter@515be825, org.springframework.security.web.savedrequest.RequestCacheAwareFilter@310e4080, org.springframework.security.web.servletapi.SecurityContextHolderAwareRequestFilter@405e1a56, org.springframework.security.web.authentication.AnonymousAuthenticationFilter@46219c98, org.springframework.security.oauth2.client.web.OAuth2AuthorizationCodeGrantFilter@1a31ab95, org.springframework.security.web.session.SessionManagementFilter@379f176d, org.springframework.security.web.access.ExceptionTranslationFilter@4f719a39, org.springframework.security.web.access.intercept.FilterSecurityInterceptor@4f8b8d26]
2021-08-10 15:36:23.748  INFO 5144 --- [    Test worker] o.s.b.t.m.w.SpringBootMockServletContext : Initializing Spring TestDispatcherServlet ''
2021-08-10 15:36:23.748  INFO 5144 --- [    Test worker] o.s.t.web.servlet.TestDispatcherServlet  : Initializing Servlet ''
2021-08-10 15:36:23.750  INFO 5144 --- [    Test worker] o.s.t.web.servlet.TestDispatcherServlet  : Completed initialization in 1 ms
2021-08-10 15:36:23.792  INFO 5144 --- [    Test worker] c.b.springboot.web.HelloControllerTest   : Started HelloControllerTest in 2.786 seconds (JVM running for 20.231)
]]></system-out>
  <system-err><![CDATA[]]></system-err>
</testsuite>
